<?xml version="1.0" encoding="UTF-8"?>
<testng-results ignored="0" total="12" passed="10" failed="2" skipped="0">
  <reporter-output>
  </reporter-output>
  <suite started-at="2021-11-18T23:13:56 CET" name="Default Suite" finished-at="2021-11-18T23:14:35 CET" duration-ms="39906">
    <groups>
    </groups>
    <test started-at="2021-11-18T23:13:56 CET" name="ArduinoPDUtestSuite" finished-at="2021-11-18T23:14:35 CET" duration-ms="39906">
      <class name="CommandTests">
        <test-method is-config="true" signature="setUpClass()[pri:0, instance:CommandTests@5e955596]" started-at="2021-11-18T23:13:56 CET" name="setUpClass" finished-at="2021-11-18T23:14:01 CET" duration-ms="5435" status="PASS">
          <reporter-output>
          </reporter-output>
        </test-method> <!-- setUpClass -->
        <test-method is-config="true" signature="setUp()[pri:0, instance:CommandTests@5e955596]" started-at="2021-11-18T23:14:01 CET" name="setUp" finished-at="2021-11-18T23:14:02 CET" duration-ms="1003" status="PASS">
          <reporter-output>
          </reporter-output>
        </test-method> <!-- setUp -->
        <test-method signature="t0100_HelloWorld()[pri:0, instance:CommandTests@5e955596]" started-at="2021-11-18T23:14:02 CET" name="t0100_HelloWorld" finished-at="2021-11-18T23:14:03 CET" duration-ms="563" status="PASS">
          <reporter-output>
          </reporter-output>
        </test-method> <!-- t0100_HelloWorld -->
        <test-method is-config="true" signature="reset()[pri:0, instance:CommandTests@5e955596]" started-at="2021-11-18T23:14:03 CET" name="reset" finished-at="2021-11-18T23:14:03 CET" duration-ms="564" status="PASS">
          <reporter-output>
          </reporter-output>
        </test-method> <!-- reset -->
        <test-method is-config="true" signature="setUp()[pri:0, instance:CommandTests@5e955596]" started-at="2021-11-18T23:14:03 CET" name="setUp" finished-at="2021-11-18T23:14:04 CET" duration-ms="1004" status="PASS">
          <reporter-output>
          </reporter-output>
        </test-method> <!-- setUp -->
        <test-method signature="t0101_Echo()[pri:0, instance:CommandTests@5e955596]" started-at="2021-11-18T23:14:04 CET" name="t0101_Echo" finished-at="2021-11-18T23:14:05 CET" duration-ms="640" status="PASS">
          <reporter-output>
          </reporter-output>
        </test-method> <!-- t0101_Echo -->
        <test-method is-config="true" signature="reset()[pri:0, instance:CommandTests@5e955596]" started-at="2021-11-18T23:14:05 CET" name="reset" finished-at="2021-11-18T23:14:05 CET" duration-ms="549" status="PASS">
          <reporter-output>
          </reporter-output>
        </test-method> <!-- reset -->
        <test-method is-config="true" signature="setUp()[pri:0, instance:CommandTests@5e955596]" started-at="2021-11-18T23:14:05 CET" name="setUp" finished-at="2021-11-18T23:14:06 CET" duration-ms="1002" status="PASS">
          <reporter-output>
          </reporter-output>
        </test-method> <!-- setUp -->
        <test-method signature="t0101_Echo_2()[pri:0, instance:CommandTests@5e955596]" started-at="2021-11-18T23:14:06 CET" name="t0101_Echo_2" finished-at="2021-11-18T23:14:06 CET" duration-ms="134" status="PASS">
          <reporter-output>
          </reporter-output>
        </test-method> <!-- t0101_Echo_2 -->
        <test-method is-config="true" signature="reset()[pri:0, instance:CommandTests@5e955596]" started-at="2021-11-18T23:14:06 CET" name="reset" finished-at="2021-11-18T23:14:07 CET" duration-ms="562" status="PASS">
          <reporter-output>
          </reporter-output>
        </test-method> <!-- reset -->
        <test-method is-config="true" signature="setUp()[pri:0, instance:CommandTests@5e955596]" started-at="2021-11-18T23:14:07 CET" name="setUp" finished-at="2021-11-18T23:14:08 CET" duration-ms="1005" status="PASS">
          <reporter-output>
          </reporter-output>
        </test-method> <!-- setUp -->
        <test-method signature="t0200_StoreData()[pri:0, instance:CommandTests@5e955596]" started-at="2021-11-18T23:14:08 CET" name="t0200_StoreData" finished-at="2021-11-18T23:14:09 CET" duration-ms="639" status="PASS">
          <reporter-output>
          </reporter-output>
        </test-method> <!-- t0200_StoreData -->
        <test-method is-config="true" signature="reset()[pri:0, instance:CommandTests@5e955596]" started-at="2021-11-18T23:14:09 CET" name="reset" finished-at="2021-11-18T23:14:09 CET" duration-ms="562" status="PASS">
          <reporter-output>
          </reporter-output>
        </test-method> <!-- reset -->
        <test-method is-config="true" signature="setUp()[pri:0, instance:CommandTests@5e955596]" started-at="2021-11-18T23:14:09 CET" name="setUp" finished-at="2021-11-18T23:14:10 CET" duration-ms="1005" status="PASS">
          <reporter-output>
          </reporter-output>
        </test-method> <!-- setUp -->
        <test-method signature="t0201_getData()[pri:0, instance:CommandTests@5e955596]" started-at="2021-11-18T23:14:10 CET" name="t0201_getData" finished-at="2021-11-18T23:14:11 CET" duration-ms="572" status="PASS">
          <reporter-output>
          </reporter-output>
        </test-method> <!-- t0201_getData -->
        <test-method is-config="true" signature="reset()[pri:0, instance:CommandTests@5e955596]" started-at="2021-11-18T23:14:11 CET" name="reset" finished-at="2021-11-18T23:14:11 CET" duration-ms="549" status="PASS">
          <reporter-output>
          </reporter-output>
        </test-method> <!-- reset -->
        <test-method is-config="true" signature="setUp()[pri:0, instance:CommandTests@5e955596]" started-at="2021-11-18T23:14:11 CET" name="setUp" finished-at="2021-11-18T23:14:12 CET" duration-ms="1001" status="PASS">
          <reporter-output>
          </reporter-output>
        </test-method> <!-- setUp -->
        <test-method signature="t0300_pinHigh()[pri:0, instance:CommandTests@5e955596]" started-at="2021-11-18T23:14:12 CET" name="t0300_pinHigh" finished-at="2021-11-18T23:14:14 CET" duration-ms="1738" status="PASS">
          <reporter-output>
          </reporter-output>
        </test-method> <!-- t0300_pinHigh -->
        <test-method is-config="true" signature="reset()[pri:0, instance:CommandTests@5e955596]" started-at="2021-11-18T23:14:14 CET" name="reset" finished-at="2021-11-18T23:14:15 CET" duration-ms="549" status="PASS">
          <reporter-output>
          </reporter-output>
        </test-method> <!-- reset -->
        <test-method is-config="true" signature="setUp()[pri:0, instance:CommandTests@5e955596]" started-at="2021-11-18T23:14:15 CET" name="setUp" finished-at="2021-11-18T23:14:16 CET" duration-ms="1005" status="PASS">
          <reporter-output>
          </reporter-output>
        </test-method> <!-- setUp -->
        <test-method signature="t0301_TryPinReset()[pri:0, instance:CommandTests@5e955596]" started-at="2021-11-18T23:14:16 CET" name="t0301_TryPinReset" finished-at="2021-11-18T23:14:18 CET" duration-ms="2317" status="PASS">
          <reporter-output>
          </reporter-output>
        </test-method> <!-- t0301_TryPinReset -->
        <test-method is-config="true" signature="reset()[pri:0, instance:CommandTests@5e955596]" started-at="2021-11-18T23:14:18 CET" name="reset" finished-at="2021-11-18T23:14:18 CET" duration-ms="557" status="PASS">
          <reporter-output>
          </reporter-output>
        </test-method> <!-- reset -->
        <test-method is-config="true" signature="setUp()[pri:0, instance:CommandTests@5e955596]" started-at="2021-11-18T23:14:18 CET" name="setUp" finished-at="2021-11-18T23:14:19 CET" duration-ms="1002" status="PASS">
          <reporter-output>
          </reporter-output>
        </test-method> <!-- setUp -->
        <test-method signature="t0303_analogOut()[pri:0, instance:CommandTests@5e955596]" started-at="2021-11-18T23:14:19 CET" name="t0303_analogOut" finished-at="2021-11-18T23:14:21 CET" duration-ms="1832" status="PASS">
          <reporter-output>
          </reporter-output>
        </test-method> <!-- t0303_analogOut -->
        <test-method is-config="true" signature="reset()[pri:0, instance:CommandTests@5e955596]" started-at="2021-11-18T23:14:21 CET" name="reset" finished-at="2021-11-18T23:14:22 CET" duration-ms="561" status="PASS">
          <reporter-output>
          </reporter-output>
        </test-method> <!-- reset -->
        <test-method is-config="true" signature="setUp()[pri:0, instance:CommandTests@5e955596]" started-at="2021-11-18T23:14:22 CET" name="setUp" finished-at="2021-11-18T23:14:23 CET" duration-ms="1003" status="PASS">
          <reporter-output>
          </reporter-output>
        </test-method> <!-- setUp -->
        <test-method signature="t0303_analogOut_2()[pri:0, instance:CommandTests@5e955596]" started-at="2021-11-18T23:14:23 CET" name="t0303_analogOut_2" finished-at="2021-11-18T23:14:25 CET" duration-ms="2509" status="PASS">
          <reporter-output>
          </reporter-output>
        </test-method> <!-- t0303_analogOut_2 -->
        <test-method is-config="true" signature="reset()[pri:0, instance:CommandTests@5e955596]" started-at="2021-11-18T23:14:25 CET" name="reset" finished-at="2021-11-18T23:14:26 CET" duration-ms="566" status="PASS">
          <reporter-output>
          </reporter-output>
        </test-method> <!-- reset -->
        <test-method is-config="true" signature="setUp()[pri:0, instance:CommandTests@5e955596]" started-at="2021-11-18T23:14:26 CET" name="setUp" finished-at="2021-11-18T23:14:27 CET" duration-ms="1001" status="PASS">
          <reporter-output>
          </reporter-output>
        </test-method> <!-- setUp -->
        <test-method signature="t0303_analogOut_3()[pri:0, instance:CommandTests@5e955596]" started-at="2021-11-18T23:14:27 CET" name="t0303_analogOut_3" finished-at="2021-11-18T23:14:28 CET" duration-ms="1208" status="FAIL">
          <exception class="java.lang.AssertionError">
            <message>
              <![CDATA[expected [6986] but found [9000]]]>
            </message>
            <full-stacktrace>
              <![CDATA[java.lang.AssertionError: expected [6986] but found [9000]
at org.testng.Assert.fail(Assert.java:99)
at org.testng.Assert.failNotEquals(Assert.java:1037)
at org.testng.Assert.assertEqualsImpl(Assert.java:140)
at org.testng.Assert.assertEquals(Assert.java:122)
at org.testng.Assert.assertEquals(Assert.java:629)
at org.testng.Assert.assertEquals(Assert.java:639)
at CommandTests.t0303_analogOut_3(CommandTests.java:582)
at java.base/jdk.internal.reflect.NativeMethodAccessorImpl.invoke0(Native Method)
at java.base/jdk.internal.reflect.NativeMethodAccessorImpl.invoke(NativeMethodAccessorImpl.java:64)
at java.base/jdk.internal.reflect.DelegatingMethodAccessorImpl.invoke(DelegatingMethodAccessorImpl.java:43)
at java.base/java.lang.reflect.Method.invoke(Method.java:564)
at org.testng.internal.MethodInvocationHelper.invokeMethod(MethodInvocationHelper.java:133)
at org.testng.internal.TestInvoker.invokeMethod(TestInvoker.java:598)
at org.testng.internal.TestInvoker.invokeTestMethod(TestInvoker.java:173)
at org.testng.internal.MethodRunner.runInSequence(MethodRunner.java:46)
at org.testng.internal.TestInvoker$MethodInvocationAgent.invoke(TestInvoker.java:824)
at org.testng.internal.TestInvoker.invokeTestMethods(TestInvoker.java:146)
at org.testng.internal.TestMethodWorker.invokeTestMethods(TestMethodWorker.java:146)
at org.testng.internal.TestMethodWorker.run(TestMethodWorker.java:128)
at java.base/java.util.ArrayList.forEach(ArrayList.java:1511)
at org.testng.TestRunner.privateRun(TestRunner.java:794)
at org.testng.TestRunner.run(TestRunner.java:596)
at org.testng.SuiteRunner.runTest(SuiteRunner.java:377)
at org.testng.SuiteRunner.runSequentially(SuiteRunner.java:371)
at org.testng.SuiteRunner.privateRun(SuiteRunner.java:332)
at org.testng.SuiteRunner.run(SuiteRunner.java:276)
at org.testng.SuiteRunnerWorker.runSuite(SuiteRunnerWorker.java:53)
at org.testng.SuiteRunnerWorker.run(SuiteRunnerWorker.java:96)
at org.testng.TestNG.runSuitesSequentially(TestNG.java:1212)
at org.testng.TestNG.runSuitesLocally(TestNG.java:1134)
at org.testng.TestNG.runSuites(TestNG.java:1063)
at org.testng.TestNG.run(TestNG.java:1031)
at com.intellij.rt.testng.IDEARemoteTestNG.run(IDEARemoteTestNG.java:66)
at com.intellij.rt.testng.RemoteTestNGStarter.main(RemoteTestNGStarter.java:109)
]]>
            </full-stacktrace>
          </exception> <!-- java.lang.AssertionError -->
          <reporter-output>
          </reporter-output>
        </test-method> <!-- t0303_analogOut_3 -->
        <test-method is-config="true" signature="reset()[pri:0, instance:CommandTests@5e955596]" started-at="2021-11-18T23:14:28 CET" name="reset" finished-at="2021-11-18T23:14:29 CET" duration-ms="563" status="PASS">
          <reporter-output>
          </reporter-output>
        </test-method> <!-- reset -->
        <test-method is-config="true" signature="setUp()[pri:0, instance:CommandTests@5e955596]" started-at="2021-11-18T23:14:29 CET" name="setUp" finished-at="2021-11-18T23:14:30 CET" duration-ms="1001" status="PASS">
          <reporter-output>
          </reporter-output>
        </test-method> <!-- setUp -->
        <test-method signature="t0304_analogIn()[pri:0, instance:CommandTests@5e955596]" started-at="2021-11-18T23:14:30 CET" name="t0304_analogIn" finished-at="2021-11-18T23:14:31 CET" duration-ms="1200" status="FAIL">
          <exception class="java.lang.AssertionError">
            <message>
              <![CDATA[expected [9000] but found [6986]]]>
            </message>
            <full-stacktrace>
              <![CDATA[java.lang.AssertionError: expected [9000] but found [6986]
at org.testng.Assert.fail(Assert.java:99)
at org.testng.Assert.failNotEquals(Assert.java:1037)
at org.testng.Assert.assertEqualsImpl(Assert.java:140)
at org.testng.Assert.assertEquals(Assert.java:122)
at org.testng.Assert.assertEquals(Assert.java:629)
at org.testng.Assert.assertEquals(Assert.java:639)
at CommandTests.t0304_analogIn(CommandTests.java:625)
at java.base/jdk.internal.reflect.NativeMethodAccessorImpl.invoke0(Native Method)
at java.base/jdk.internal.reflect.NativeMethodAccessorImpl.invoke(NativeMethodAccessorImpl.java:64)
at java.base/jdk.internal.reflect.DelegatingMethodAccessorImpl.invoke(DelegatingMethodAccessorImpl.java:43)
at java.base/java.lang.reflect.Method.invoke(Method.java:564)
at org.testng.internal.MethodInvocationHelper.invokeMethod(MethodInvocationHelper.java:133)
at org.testng.internal.TestInvoker.invokeMethod(TestInvoker.java:598)
at org.testng.internal.TestInvoker.invokeTestMethod(TestInvoker.java:173)
at org.testng.internal.MethodRunner.runInSequence(MethodRunner.java:46)
at org.testng.internal.TestInvoker$MethodInvocationAgent.invoke(TestInvoker.java:824)
at org.testng.internal.TestInvoker.invokeTestMethods(TestInvoker.java:146)
at org.testng.internal.TestMethodWorker.invokeTestMethods(TestMethodWorker.java:146)
at org.testng.internal.TestMethodWorker.run(TestMethodWorker.java:128)
at java.base/java.util.ArrayList.forEach(ArrayList.java:1511)
at org.testng.TestRunner.privateRun(TestRunner.java:794)
at org.testng.TestRunner.run(TestRunner.java:596)
at org.testng.SuiteRunner.runTest(SuiteRunner.java:377)
at org.testng.SuiteRunner.runSequentially(SuiteRunner.java:371)
at org.testng.SuiteRunner.privateRun(SuiteRunner.java:332)
at org.testng.SuiteRunner.run(SuiteRunner.java:276)
at org.testng.SuiteRunnerWorker.runSuite(SuiteRunnerWorker.java:53)
at org.testng.SuiteRunnerWorker.run(SuiteRunnerWorker.java:96)
at org.testng.TestNG.runSuitesSequentially(TestNG.java:1212)
at org.testng.TestNG.runSuitesLocally(TestNG.java:1134)
at org.testng.TestNG.runSuites(TestNG.java:1063)
at org.testng.TestNG.run(TestNG.java:1031)
at com.intellij.rt.testng.IDEARemoteTestNG.run(IDEARemoteTestNG.java:66)
at com.intellij.rt.testng.RemoteTestNGStarter.main(RemoteTestNGStarter.java:109)
]]>
            </full-stacktrace>
          </exception> <!-- java.lang.AssertionError -->
          <reporter-output>
          </reporter-output>
        </test-method> <!-- t0304_analogIn -->
        <test-method is-config="true" signature="reset()[pri:0, instance:CommandTests@5e955596]" started-at="2021-11-18T23:14:31 CET" name="reset" finished-at="2021-11-18T23:14:31 CET" duration-ms="559" status="PASS">
          <reporter-output>
          </reporter-output>
        </test-method> <!-- reset -->
        <test-method is-config="true" signature="setUp()[pri:0, instance:CommandTests@5e955596]" started-at="2021-11-18T23:14:32 CET" name="setUp" finished-at="2021-11-18T23:14:33 CET" duration-ms="1000" status="PASS">
          <reporter-output>
          </reporter-output>
        </test-method> <!-- setUp -->
        <test-method signature="t0390_pinHigh()[pri:0, instance:CommandTests@5e955596]" started-at="2021-11-18T23:14:33 CET" name="t0390_pinHigh" finished-at="2021-11-18T23:14:35 CET" duration-ms="2329" status="PASS">
          <reporter-output>
          </reporter-output>
        </test-method> <!-- t0390_pinHigh -->
        <test-method is-config="true" signature="reset()[pri:0, instance:CommandTests@5e955596]" started-at="2021-11-18T23:14:35 CET" name="reset" finished-at="2021-11-18T23:14:35 CET" duration-ms="569" status="PASS">
          <reporter-output>
          </reporter-output>
        </test-method> <!-- reset -->
        <test-method is-config="true" signature="tearDown()[pri:0, instance:CommandTests@5e955596]" started-at="2021-11-18T23:14:35 CET" name="tearDown" finished-at="2021-11-18T23:14:35 CET" duration-ms="5" status="PASS">
          <reporter-output>
          </reporter-output>
        </test-method> <!-- tearDown -->
      </class> <!-- CommandTests -->
    </test> <!-- ArduinoPDUtestSuite -->
  </suite> <!-- Default Suite -->
</testng-results>
