<?xml version="1.0" encoding="UTF-8"?>
<!-- Generated by org.testng.reporters.JUnitXMLReporter -->
<testsuite ignored="0" hostname="Lukass-MacBook-Pro.local" failures="2" tests="12" name="ArduinoPDUtestSuite" time="39.906" errors="0" timestamp="2021-11-18T23:14:40 CET">
  <testcase classname="CommandTests" name="t0100_HelloWorld" time="0.563"/>
  <testcase classname="CommandTests" name="t0101_Echo" time="0.64"/>
  <testcase classname="CommandTests" name="t0101_Echo_2" time="0.134"/>
  <testcase classname="CommandTests" name="t0200_StoreData" time="0.639"/>
  <testcase classname="CommandTests" name="t0201_getData" time="0.572"/>
  <testcase classname="CommandTests" name="t0300_pinHigh" time="1.738"/>
  <testcase classname="CommandTests" name="t0301_TryPinReset" time="2.317"/>
  <testcase classname="CommandTests" name="t0303_analogOut" time="1.832"/>
  <testcase classname="CommandTests" name="t0303_analogOut_2" time="2.509"/>
  <testcase classname="CommandTests" name="t0303_analogOut_3" time="1.208">
    <failure type="java.lang.AssertionError" message="expected [6986] but found [9000]">
      <![CDATA[java.lang.AssertionError: expected [6986] but found [9000]
at CommandTests.t0303_analogOut_3(CommandTests.java:582)
at java.base/java.util.ArrayList.forEach(ArrayList.java:1511)
at com.intellij.rt.testng.IDEARemoteTestNG.run(IDEARemoteTestNG.java:66)
at com.intellij.rt.testng.RemoteTestNGStarter.main(RemoteTestNGStarter.java:109)
... Removed 30 stack frames]]>
    </failure>
  </testcase> <!-- t0303_analogOut_3 -->
  <testcase classname="CommandTests" name="t0304_analogIn" time="1.2">
    <failure type="java.lang.AssertionError" message="expected [9000] but found [6986]">
      <![CDATA[java.lang.AssertionError: expected [9000] but found [6986]
at CommandTests.t0304_analogIn(CommandTests.java:625)
at java.base/java.util.ArrayList.forEach(ArrayList.java:1511)
at com.intellij.rt.testng.IDEARemoteTestNG.run(IDEARemoteTestNG.java:66)
at com.intellij.rt.testng.RemoteTestNGStarter.main(RemoteTestNGStarter.java:109)
... Removed 30 stack frames]]>
    </failure>
  </testcase> <!-- t0304_analogIn -->
  <testcase classname="CommandTests" name="t0390_pinHigh" time="2.329"/>
</testsuite> <!-- ArduinoPDUtestSuite -->
